<?xml version="1.0" encoding="UTF-8"?>
<!-- Generated by org.testng.reporters.JUnitReportReporter -->
<testsuite hostname="Sreyash" name="com.drivers.Geckodriver" tests="1" failures="0" timestamp="5 Apr 2020 12:04:11 GMT" time="11.958" errors="0">
  <testcase name="geckodriver" time="11.958" classname="com.drivers.Geckodriver"/>
</testsuite> <!-- com.drivers.Geckodriver -->
