<?xml version="1.0" encoding="UTF-8"?>
<!-- Generated by org.testng.reporters.JUnitReportReporter -->
<testsuite hostname="Sreyash" name="com.drivers.BrowserFactory" tests="1" failures="0" timestamp="5 Apr 2020 13:52:20 GMT" time="2.736" errors="0">
  <testcase name="launchbrowser" time="2.736" classname="com.drivers.BrowserFactory"/>
</testsuite> <!-- com.drivers.BrowserFactory -->
